<?xml version="1.0" encoding="UTF-8" ?>
<testsuite failures="0" time="0.165" errors="0" skipped="0" tests="8" name="TicketReservationManagerTest">
  <properties>
    <property name="java.runtime.name" value="Java(TM) SE Runtime Environment"/>
    <property name="sun.boot.library.path" value="/Library/Java/JavaVirtualMachines/jdk1.7.0_79.jdk/Contents/Home/jre/lib"/>
    <property name="java.vm.version" value="24.79-b02"/>
    <property name="gopherProxySet" value="false"/>
    <property name="java.vm.vendor" value="Oracle Corporation"/>
    <property name="java.vendor.url" value="http://java.oracle.com/"/>
    <property name="path.separator" value=":"/>
    <property name="java.vm.name" value="Java HotSpot(TM) 64-Bit Server VM"/>
    <property name="file.encoding.pkg" value="sun.io"/>
    <property name="user.country" value="US"/>
    <property name="sun.java.launcher" value="SUN_STANDARD"/>
    <property name="sun.os.patch.level" value="unknown"/>
    <property name="java.vm.specification.name" value="Java Virtual Machine Specification"/>
    <property name="user.dir" value="/Users/a1096282/TicketReservation"/>
    <property name="java.runtime.version" value="1.7.0_79-b15"/>
    <property name="java.awt.graphicsenv" value="sun.awt.CGraphicsEnvironment"/>
    <property name="basedir" value="/Users/a1096282/TicketReservation"/>
    <property name="java.endorsed.dirs" value="/Library/Java/JavaVirtualMachines/jdk1.7.0_79.jdk/Contents/Home/jre/lib/endorsed"/>
    <property name="os.arch" value="x86_64"/>
    <property name="surefire.real.class.path" value="/Users/a1096282/TicketReservation/target/surefire/surefirebooter23702234061496918.jar"/>
    <property name="java.io.tmpdir" value="/var/folders/jf/_s7f9qk55n9072y_sv_5wtsr5sb4xs/T/"/>
    <property name="line.separator" value="
"/>
    <property name="java.vm.specification.vendor" value="Oracle Corporation"/>
    <property name="os.name" value="Mac OS X"/>
    <property name="sun.jnu.encoding" value="UTF-8"/>
    <property name="java.library.path" value="/Users/a1096282/Library/Java/Extensions:/Library/Java/Extensions:/Network/Library/Java/Extensions:/System/Library/Java/Extensions:/usr/lib/java:."/>
    <property name="surefire.test.class.path" value="/Users/a1096282/TicketReservation/target/test-classes:/Users/a1096282/TicketReservation/target/classes:/Users/a1096282/.m2/repository/org/springframework/spring-core/3.2.2.RELEASE/spring-core-3.2.2.RELEASE.jar:/Users/a1096282/.m2/repository/commons-logging/commons-logging/1.1.1/commons-logging-1.1.1.jar:/Users/a1096282/.m2/repository/org/springframework/spring-context/3.2.2.RELEASE/spring-context-3.2.2.RELEASE.jar:/Users/a1096282/.m2/repository/org/springframework/spring-aop/3.2.2.RELEASE/spring-aop-3.2.2.RELEASE.jar:/Users/a1096282/.m2/repository/org/springframework/spring-expression/3.2.2.RELEASE/spring-expression-3.2.2.RELEASE.jar:/Users/a1096282/.m2/repository/org/springframework/spring-orm/3.2.2.RELEASE/spring-orm-3.2.2.RELEASE.jar:/Users/a1096282/.m2/repository/aopalliance/aopalliance/1.0/aopalliance-1.0.jar:/Users/a1096282/.m2/repository/org/springframework/spring-jdbc/3.2.2.RELEASE/spring-jdbc-3.2.2.RELEASE.jar:/Users/a1096282/.m2/repository/org/springframework/spring-tx/3.2.2.RELEASE/spring-tx-3.2.2.RELEASE.jar:/Users/a1096282/.m2/repository/junit/junit/4.11/junit-4.11.jar:/Users/a1096282/.m2/repository/org/hamcrest/hamcrest-core/1.3/hamcrest-core-1.3.jar:/Users/a1096282/.m2/repository/org/mockito/mockito-all/1.10.19/mockito-all-1.10.19.jar:/Users/a1096282/.m2/repository/org/springframework/spring-test/3.2.2.RELEASE/spring-test-3.2.2.RELEASE.jar:/Users/a1096282/.m2/repository/org/springframework/spring-beans/3.2.2.RELEASE/spring-beans-3.2.2.RELEASE.jar:/Users/a1096282/.m2/repository/org/hibernate/hibernate-core/4.1.9.Final/hibernate-core-4.1.9.Final.jar:/Users/a1096282/.m2/repository/antlr/antlr/2.7.7/antlr-2.7.7.jar:/Users/a1096282/.m2/repository/org/jboss/logging/jboss-logging/3.1.0.GA/jboss-logging-3.1.0.GA.jar:/Users/a1096282/.m2/repository/org/javassist/javassist/3.17.1-GA/javassist-3.17.1-GA.jar:/Users/a1096282/.m2/repository/org/jboss/spec/javax/transaction/jboss-transaction-api_1.1_spec/1.0.0.Final/jboss-transaction-api_1.1_spec-1.0.0.Final.jar:/Users/a1096282/.m2/repository/dom4j/dom4j/1.6.1/dom4j-1.6.1.jar:/Users/a1096282/.m2/repository/org/hibernate/javax/persistence/hibernate-jpa-2.0-api/1.0.1.Final/hibernate-jpa-2.0-api-1.0.1.Final.jar:/Users/a1096282/.m2/repository/org/hibernate/common/hibernate-commons-annotations/4.0.1.Final/hibernate-commons-annotations-4.0.1.Final.jar:/Users/a1096282/.m2/repository/mysql/mysql-connector-java/5.1.22/mysql-connector-java-5.1.22.jar:/Users/a1096282/.m2/repository/javax/inject/javax.inject/1/javax.inject-1.jar:"/>
    <property name="java.specification.name" value="Java Platform API Specification"/>
    <property name="java.class.version" value="51.0"/>
    <property name="sun.management.compiler" value="HotSpot 64-Bit Tiered Compilers"/>
    <property name="os.version" value="10.10.5"/>
    <property name="http.nonProxyHosts" value="local|*.local|169.254/16|*.169.254/16"/>
    <property name="user.home" value="/Users/a1096282"/>
    <property name="user.timezone" value=""/>
    <property name="java.awt.printerjob" value="sun.lwawt.macosx.CPrinterJob"/>
    <property name="java.specification.version" value="1.7"/>
    <property name="file.encoding" value="UTF-8"/>
    <property name="user.name" value="a1096282"/>
    <property name="java.class.path" value="/Users/a1096282/TicketReservation/target/test-classes:/Users/a1096282/TicketReservation/target/classes:/Users/a1096282/.m2/repository/org/springframework/spring-core/3.2.2.RELEASE/spring-core-3.2.2.RELEASE.jar:/Users/a1096282/.m2/repository/commons-logging/commons-logging/1.1.1/commons-logging-1.1.1.jar:/Users/a1096282/.m2/repository/org/springframework/spring-context/3.2.2.RELEASE/spring-context-3.2.2.RELEASE.jar:/Users/a1096282/.m2/repository/org/springframework/spring-aop/3.2.2.RELEASE/spring-aop-3.2.2.RELEASE.jar:/Users/a1096282/.m2/repository/org/springframework/spring-expression/3.2.2.RELEASE/spring-expression-3.2.2.RELEASE.jar:/Users/a1096282/.m2/repository/org/springframework/spring-orm/3.2.2.RELEASE/spring-orm-3.2.2.RELEASE.jar:/Users/a1096282/.m2/repository/aopalliance/aopalliance/1.0/aopalliance-1.0.jar:/Users/a1096282/.m2/repository/org/springframework/spring-jdbc/3.2.2.RELEASE/spring-jdbc-3.2.2.RELEASE.jar:/Users/a1096282/.m2/repository/org/springframework/spring-tx/3.2.2.RELEASE/spring-tx-3.2.2.RELEASE.jar:/Users/a1096282/.m2/repository/junit/junit/4.11/junit-4.11.jar:/Users/a1096282/.m2/repository/org/hamcrest/hamcrest-core/1.3/hamcrest-core-1.3.jar:/Users/a1096282/.m2/repository/org/mockito/mockito-all/1.10.19/mockito-all-1.10.19.jar:/Users/a1096282/.m2/repository/org/springframework/spring-test/3.2.2.RELEASE/spring-test-3.2.2.RELEASE.jar:/Users/a1096282/.m2/repository/org/springframework/spring-beans/3.2.2.RELEASE/spring-beans-3.2.2.RELEASE.jar:/Users/a1096282/.m2/repository/org/hibernate/hibernate-core/4.1.9.Final/hibernate-core-4.1.9.Final.jar:/Users/a1096282/.m2/repository/antlr/antlr/2.7.7/antlr-2.7.7.jar:/Users/a1096282/.m2/repository/org/jboss/logging/jboss-logging/3.1.0.GA/jboss-logging-3.1.0.GA.jar:/Users/a1096282/.m2/repository/org/javassist/javassist/3.17.1-GA/javassist-3.17.1-GA.jar:/Users/a1096282/.m2/repository/org/jboss/spec/javax/transaction/jboss-transaction-api_1.1_spec/1.0.0.Final/jboss-transaction-api_1.1_spec-1.0.0.Final.jar:/Users/a1096282/.m2/repository/dom4j/dom4j/1.6.1/dom4j-1.6.1.jar:/Users/a1096282/.m2/repository/org/hibernate/javax/persistence/hibernate-jpa-2.0-api/1.0.1.Final/hibernate-jpa-2.0-api-1.0.1.Final.jar:/Users/a1096282/.m2/repository/org/hibernate/common/hibernate-commons-annotations/4.0.1.Final/hibernate-commons-annotations-4.0.1.Final.jar:/Users/a1096282/.m2/repository/mysql/mysql-connector-java/5.1.22/mysql-connector-java-5.1.22.jar:/Users/a1096282/.m2/repository/javax/inject/javax.inject/1/javax.inject-1.jar:"/>
    <property name="java.vm.specification.version" value="1.7"/>
    <property name="sun.arch.data.model" value="64"/>
    <property name="java.home" value="/Library/Java/JavaVirtualMachines/jdk1.7.0_79.jdk/Contents/Home/jre"/>
    <property name="sun.java.command" value="/Users/a1096282/TicketReservation/target/surefire/surefirebooter23702234061496918.jar /Users/a1096282/TicketReservation/target/surefire/surefire3243254412641149321tmp /Users/a1096282/TicketReservation/target/surefire/surefire6563002695369383118tmp"/>
    <property name="java.specification.vendor" value="Oracle Corporation"/>
    <property name="user.language" value="en"/>
    <property name="awt.toolkit" value="sun.lwawt.macosx.LWCToolkit"/>
    <property name="java.vm.info" value="mixed mode"/>
    <property name="java.version" value="1.7.0_79"/>
    <property name="java.ext.dirs" value="/Users/a1096282/Library/Java/Extensions:/Library/Java/JavaVirtualMachines/jdk1.7.0_79.jdk/Contents/Home/jre/lib/ext:/Library/Java/Extensions:/Network/Library/Java/Extensions:/System/Library/Java/Extensions:/usr/lib/java"/>
    <property name="sun.boot.class.path" value="/Library/Java/JavaVirtualMachines/jdk1.7.0_79.jdk/Contents/Home/jre/lib/resources.jar:/Library/Java/JavaVirtualMachines/jdk1.7.0_79.jdk/Contents/Home/jre/lib/rt.jar:/Library/Java/JavaVirtualMachines/jdk1.7.0_79.jdk/Contents/Home/jre/lib/sunrsasign.jar:/Library/Java/JavaVirtualMachines/jdk1.7.0_79.jdk/Contents/Home/jre/lib/jsse.jar:/Library/Java/JavaVirtualMachines/jdk1.7.0_79.jdk/Contents/Home/jre/lib/jce.jar:/Library/Java/JavaVirtualMachines/jdk1.7.0_79.jdk/Contents/Home/jre/lib/charsets.jar:/Library/Java/JavaVirtualMachines/jdk1.7.0_79.jdk/Contents/Home/jre/lib/jfr.jar:/Library/Java/JavaVirtualMachines/jdk1.7.0_79.jdk/Contents/Home/jre/classes"/>
    <property name="java.vendor" value="Oracle Corporation"/>
    <property name="localRepository" value="/Users/a1096282/.m2/repository"/>
    <property name="file.separator" value="/"/>
    <property name="java.vendor.url.bug" value="http://bugreport.sun.com/bugreport/"/>
    <property name="sun.cpu.endian" value="little"/>
    <property name="sun.io.unicode.encoding" value="UnicodeBig"/>
    <property name="socksNonProxyHosts" value="local|*.local|169.254/16|*.169.254/16"/>
    <property name="ftp.nonProxyHosts" value="local|*.local|169.254/16|*.169.254/16"/>
    <property name="sun.cpu.isalist" value=""/>
  </properties>
  <testcase time="0.126" classname="TicketReservationManagerTest" name="validateVenueLevelTest"/>
  <testcase time="0.001" classname="TicketReservationManagerTest" name="venueLevelDetailsTest"/>
  <testcase time="0.001" classname="TicketReservationManagerTest" name="validateMaximumVenueLevelTest"/>
  <testcase time="0" classname="TicketReservationManagerTest" name="getReservedSeatDetailsTest"/>
  <testcase time="0" classname="TicketReservationManagerTest" name="validateIntegerTest"/>
  <testcase time="0" classname="TicketReservationManagerTest" name="validateBookingSeatCountTest"/>
  <testcase time="0" classname="TicketReservationManagerTest" name="validateMinimumVenueLevelTest"/>
  <testcase time="0.001" classname="TicketReservationManagerTest" name="validateCustomerEmailTest"/>
</testsuite>